app/build/intermediates/manifest_merge_blame_file/debug/manifest-merger-blame-debug-report.txt
1<?xml version="1.0" encoding="utf-8"?>
2<manifest xmlns:android="http://schemas.android.com/apk/res/android"
3    package="com.example.foodgame"
4    android:versionCode="1"
5    android:versionName="1.0" >
6
7    <uses-sdk
8        android:minSdkVersion="29"
8-->src/main/AndroidManifest.xml
9        android:targetSdkVersion="29" />
9-->src/main/AndroidManifest.xml
10
11    <application
11-->src/main/AndroidManifest.xml:6:5-32:19
12        android:allowBackup="true"
12-->src/main/AndroidManifest.xml:7:9-35
13        android:appComponentFactory="androidx.core.app.CoreComponentFactory"
13-->[androidx.core:core:1.1.0] AndroidManifest.xml:24:18-86
14        android:debuggable="true"
15        android:icon="@mipmap/ic_launcher"
15-->src/main/AndroidManifest.xml:8:9-43
16        android:label="@string/app_name"
16-->src/main/AndroidManifest.xml:9:9-41
17        android:roundIcon="@mipmap/ic_launcher_round"
17-->src/main/AndroidManifest.xml:10:9-54
18        android:supportsRtl="true"
18-->src/main/AndroidManifest.xml:11:9-35
19        android:testOnly="true"
20        android:theme="@style/AppTheme" >
20-->src/main/AndroidManifest.xml:12:9-40
21        <activity android:name="com.example.foodgame.Activities.OptionalSaveStatistics" />
21-->src/main/AndroidManifest.xml:14:9-71
21-->src/main/AndroidManifest.xml:14:19-68
22        <activity android:name="com.example.foodgame.Activities.Login" />
22-->src/main/AndroidManifest.xml:15:9-54
22-->src/main/AndroidManifest.xml:15:19-51
23        <activity android:name="com.example.foodgame.Activities.HowToPlay" />
23-->src/main/AndroidManifest.xml:16:9-58
23-->src/main/AndroidManifest.xml:16:19-55
24        <activity android:name="com.example.foodgame.Activities.Leaderboard" />
24-->src/main/AndroidManifest.xml:17:9-60
24-->src/main/AndroidManifest.xml:17:19-57
25        <activity android:name="com.example.foodgame.Activities.Registration" />
25-->src/main/AndroidManifest.xml:18:9-61
25-->src/main/AndroidManifest.xml:18:19-58
26        <activity android:name="com.example.foodgame.CatchingGame.CatchingActivity" />
26-->src/main/AndroidManifest.xml:19:9-20:50
26-->src/main/AndroidManifest.xml:19:19-64
27        <activity android:name="com.example.foodgame.MazeGame.MazeActivity" />
27-->src/main/AndroidManifest.xml:21:9-22:50
27-->src/main/AndroidManifest.xml:21:19-56
28        <activity android:name="com.example.foodgame.MonsterGame.MonsterActivity" />
28-->src/main/AndroidManifest.xml:23:9-24:50
28-->src/main/AndroidManifest.xml:23:19-62
29        <activity android:name="com.example.foodgame.Activities.MainActivity" >
29-->src/main/AndroidManifest.xml:25:9-31:20
29-->src/main/AndroidManifest.xml:25:19-58
30            <intent-filter>
30-->src/main/AndroidManifest.xml:26:13-30:29
31                <action android:name="android.intent.action.MAIN" />
31-->src/main/AndroidManifest.xml:27:17-69
31-->src/main/AndroidManifest.xml:27:25-66
32
33                <category android:name="android.intent.category.LAUNCHER" />
33-->src/main/AndroidManifest.xml:29:17-77
33-->src/main/AndroidManifest.xml:29:27-74
34            </intent-filter>
35        </activity>
36    </application>
37
38</manifest>